<?xml version="1.0" encoding="UTF-8"?>
<!-- Generated by org.testng.reporters.JUnitReportReporter -->
<testsuite hostname="QELEO35" failures="0" tests="8" name="CanadianTireSignUp_TestCase.RegistrySignUp_TC" time="197.922" errors="0" timestamp="2023-09-28T16:46:23 IST" skipped="0">
  <testcase classname="CanadianTireSignUp_TestCase.RegistrySignUp_TC" name="verifyHousewarmingRegis_SignUp" time="21.829"/>
  <system-out/>
  <testcase classname="CanadianTireSignUp_TestCase.RegistrySignUp_TC" name="verifyBabyRegis_SignUp" time="39.114"/>
  <system-out/>
  <testcase classname="CanadianTireSignUp_TestCase.RegistrySignUp_TC" name="verifyHolidayRegis_SignUp" time="21.921"/>
  <system-out/>
  <testcase classname="CanadianTireSignUp_TestCase.RegistrySignUp_TC" name="verifyBirthdayRegis_SignUp" time="26.264"/>
  <system-out/>
  <testcase classname="CanadianTireSignUp_TestCase.RegistrySignUp_TC" name="verifyWeddingRegis_SignUp" time="22.868"/>
  <system-out/>
  <testcase classname="CanadianTireSignUp_TestCase.RegistrySignUp_TC" name="verifyGraduationRegis_SignUp" time="21.775"/>
  <system-out/>
  <testcase classname="CanadianTireSignUp_TestCase.RegistrySignUp_TC" name="verifyUniverCollegeRegis_SignUp" time="21.411"/>
  <system-out/>
  <testcase classname="CanadianTireSignUp_TestCase.RegistrySignUp_TC" name="verifyFirstCarRegis_SignUp" time="22.740"/>
  <system-out/>
</testsuite> <!-- CanadianTireSignUp_TestCase.RegistrySignUp_TC -->
