<?xml version="1.0" encoding="UTF-8"?>
<!-- Generated by org.testng.reporters.JUnitReportReporter -->
<testsuite hostname="QELEO35" failures="0" tests="1" name="CanadianTireSignUp_TestCase.HousewarmingSignUp_TC" time="29.497" errors="0" timestamp="2023-09-28T16:00:12 IST" skipped="0">
  <testcase classname="CanadianTireSignUp_TestCase.HousewarmingSignUp_TC" name="verifyHousewarmingRegis_SignUp" time="29.497"/>
  <system-out/>
</testsuite> <!-- CanadianTireSignUp_TestCase.HousewarmingSignUp_TC -->
