<?xml version="1.0" encoding="UTF-8"?>
<!-- Generated by org.testng.reporters.JUnitReportReporter -->
<testsuite hostname="QELEO35" failures="0" tests="1" name="CanadianTireSignUp_TestCase.BabyRegistrySignUp_TC" time="40.806" errors="0" timestamp="2023-09-28T15:51:06 IST" skipped="0">
  <testcase classname="CanadianTireSignUp_TestCase.BabyRegistrySignUp_TC" name="verifyBabyRegis_SignUp" time="40.806"/>
  <system-out/>
</testsuite> <!-- CanadianTireSignUp_TestCase.BabyRegistrySignUp_TC -->
