<?xml version="1.0" encoding="UTF-8"?>
<!-- Generated by org.testng.reporters.JUnitReportReporter -->
<testsuite hostname="QELEO35" failures="0" tests="1" name="CanadianTireSignUp_TestCase.WeddingRegistrySignUp_TC" time="39.834" errors="0" timestamp="2023-09-28T15:23:59 IST" skipped="0">
  <testcase classname="CanadianTireSignUp_TestCase.WeddingRegistrySignUp_TC" name="verifyWeddingRegis_SignUp" time="39.834"/>
  <system-out/>
</testsuite> <!-- CanadianTireSignUp_TestCase.WeddingRegistrySignUp_TC -->
